2013-01-22 12:39:37 Error: [MissingControllerException] Controller class CommentsController could not be found.
#0 /Users/cecilesablayrolles/Sites/cakephp-2/app/webroot/index.php(92): Dispatcher->dispatch(Object(CakeRequest), Object(CakeResponse))
#1 {main}
2013-01-22 12:39:45 Error: [MissingControllerException] Controller class FilmsController could not be found.
#0 /Users/cecilesablayrolles/Sites/cakephp-2/app/webroot/index.php(92): Dispatcher->dispatch(Object(CakeRequest), Object(CakeResponse))
#1 {main}
2013-01-23 09:16:56 Error: [MissingControllerException] Controller class PagesController could not be found.
#0 /Users/cecilesablayrolles/Sites/cakephp-2/app/webroot/index.php(92): Dispatcher->dispatch(Object(CakeRequest), Object(CakeResponse))
#1 {main}
2013-01-23 09:16:59 Error: [MissingControllerException] Controller class PagesController could not be found.
#0 /Users/cecilesablayrolles/Sites/cakephp-2/app/webroot/index.php(92): Dispatcher->dispatch(Object(CakeRequest), Object(CakeResponse))
#1 {main}
2013-01-23 09:17:16 Error: [MissingControllerException] Controller class PagesController could not be found.
#0 /Users/cecilesablayrolles/Sites/cakephp-2/app/webroot/index.php(92): Dispatcher->dispatch(Object(CakeRequest), Object(CakeResponse))
#1 {main}
2013-01-23 09:23:41 Error: [MissingViewException] View file "/Users/cecilesablayrolles/Sites/cakephp-2/app/View/Users/index.ctp" is missing.
#0 /Users/cecilesablayrolles/Sites/cakephp-2/lib/Cake/View/View.php(473): View->_getViewFileName(NULL)
#1 /Users/cecilesablayrolles/Sites/cakephp-2/lib/Cake/Controller/Controller.php(956): View->render(NULL, NULL)
#2 /Users/cecilesablayrolles/Sites/cakephp-2/lib/Cake/Routing/Dispatcher.php(193): Controller->render()
#3 /Users/cecilesablayrolles/Sites/cakephp-2/lib/Cake/Routing/Dispatcher.php(161): Dispatcher->_invoke(Object(UsersController), Object(CakeRequest), Object(CakeResponse))
#4 /Users/cecilesablayrolles/Sites/cakephp-2/app/webroot/index.php(92): Dispatcher->dispatch(Object(CakeRequest), Object(CakeResponse))
#5 {main}
2013-01-23 09:24:27 Error: [MissingViewException] View file "/Users/cecilesablayrolles/Sites/cakephp-2/app/View/Users/index.ctp" is missing.
#0 /Users/cecilesablayrolles/Sites/cakephp-2/lib/Cake/View/View.php(473): View->_getViewFileName(NULL)
#1 /Users/cecilesablayrolles/Sites/cakephp-2/lib/Cake/Controller/Controller.php(956): View->render(NULL, NULL)
#2 /Users/cecilesablayrolles/Sites/cakephp-2/lib/Cake/Routing/Dispatcher.php(193): Controller->render()
#3 /Users/cecilesablayrolles/Sites/cakephp-2/lib/Cake/Routing/Dispatcher.php(161): Dispatcher->_invoke(Object(UsersController), Object(CakeRequest), Object(CakeResponse))
#4 /Users/cecilesablayrolles/Sites/cakephp-2/app/webroot/index.php(92): Dispatcher->dispatch(Object(CakeRequest), Object(CakeResponse))
#5 {main}
2013-01-23 09:24:27 Error: [MissingViewException] View file "/Users/cecilesablayrolles/Sites/cakephp-2/app/View/Users/index.ctp" is missing.
#0 /Users/cecilesablayrolles/Sites/cakephp-2/lib/Cake/View/View.php(473): View->_getViewFileName(NULL)
#1 /Users/cecilesablayrolles/Sites/cakephp-2/lib/Cake/Controller/Controller.php(956): View->render(NULL, NULL)
#2 /Users/cecilesablayrolles/Sites/cakephp-2/lib/Cake/Routing/Dispatcher.php(193): Controller->render()
#3 /Users/cecilesablayrolles/Sites/cakephp-2/lib/Cake/Routing/Dispatcher.php(161): Dispatcher->_invoke(Object(UsersController), Object(CakeRequest), Object(CakeResponse))
#4 /Users/cecilesablayrolles/Sites/cakephp-2/app/webroot/index.php(92): Dispatcher->dispatch(Object(CakeRequest), Object(CakeResponse))
#5 {main}
2013-01-23 09:24:45 Error: [MissingViewException] View file "/Users/cecilesablayrolles/Sites/cakephp-2/app/View/Users/index.ctp" is missing.
#0 /Users/cecilesablayrolles/Sites/cakephp-2/lib/Cake/View/View.php(473): View->_getViewFileName(NULL)
#1 /Users/cecilesablayrolles/Sites/cakephp-2/lib/Cake/Controller/Controller.php(956): View->render(NULL, NULL)
#2 /Users/cecilesablayrolles/Sites/cakephp-2/lib/Cake/Routing/Dispatcher.php(193): Controller->render()
#3 /Users/cecilesablayrolles/Sites/cakephp-2/lib/Cake/Routing/Dispatcher.php(161): Dispatcher->_invoke(Object(UsersController), Object(CakeRequest), Object(CakeResponse))
#4 /Users/cecilesablayrolles/Sites/cakephp-2/app/webroot/index.php(92): Dispatcher->dispatch(Object(CakeRequest), Object(CakeResponse))
#5 {main}
2013-01-23 09:25:08 Error: [MissingControllerException] Controller class PostsController could not be found.
#0 /Users/cecilesablayrolles/Sites/cakephp-2/app/webroot/index.php(92): Dispatcher->dispatch(Object(CakeRequest), Object(CakeResponse))
#1 {main}
2013-01-23 09:25:56 Error: [MissingControllerException] Controller class PostsController could not be found.
#0 /Users/cecilesablayrolles/Sites/cakephp-2/app/webroot/index.php(92): Dispatcher->dispatch(Object(CakeRequest), Object(CakeResponse))
#1 {main}
2013-01-23 09:25:59 Error: [MissingControllerException] Controller class PagesController could not be found.
#0 /Users/cecilesablayrolles/Sites/cakephp-2/app/webroot/index.php(92): Dispatcher->dispatch(Object(CakeRequest), Object(CakeResponse))
#1 {main}
2013-01-23 09:29:38 Error: [MissingControllerException] Controller class PagesController could not be found.
#0 /Users/cecilesablayrolles/Sites/cakephp-2/app/webroot/index.php(92): Dispatcher->dispatch(Object(CakeRequest), Object(CakeResponse))
#1 {main}
2013-01-23 09:29:45 Error: [MissingViewException] View file "/Users/cecilesablayrolles/Sites/cakephp-2/app/View/Users/index.ctp" is missing.
#0 /Users/cecilesablayrolles/Sites/cakephp-2/lib/Cake/View/View.php(473): View->_getViewFileName(NULL)
#1 /Users/cecilesablayrolles/Sites/cakephp-2/lib/Cake/Controller/Controller.php(956): View->render(NULL, NULL)
#2 /Users/cecilesablayrolles/Sites/cakephp-2/lib/Cake/Routing/Dispatcher.php(193): Controller->render()
#3 /Users/cecilesablayrolles/Sites/cakephp-2/lib/Cake/Routing/Dispatcher.php(161): Dispatcher->_invoke(Object(UsersController), Object(CakeRequest), Object(CakeResponse))
#4 /Users/cecilesablayrolles/Sites/cakephp-2/app/webroot/index.php(92): Dispatcher->dispatch(Object(CakeRequest), Object(CakeResponse))
#5 {main}
2013-01-23 09:32:26 Error: [MissingViewException] View file "/Users/cecilesablayrolles/Sites/cakephp-2/app/View/Users/index.ctp" is missing.
#0 /Users/cecilesablayrolles/Sites/cakephp-2/lib/Cake/View/View.php(473): View->_getViewFileName(NULL)
#1 /Users/cecilesablayrolles/Sites/cakephp-2/lib/Cake/Controller/Controller.php(956): View->render(NULL, NULL)
#2 /Users/cecilesablayrolles/Sites/cakephp-2/lib/Cake/Routing/Dispatcher.php(193): Controller->render()
#3 /Users/cecilesablayrolles/Sites/cakephp-2/lib/Cake/Routing/Dispatcher.php(161): Dispatcher->_invoke(Object(UsersController), Object(CakeRequest), Object(CakeResponse))
#4 /Users/cecilesablayrolles/Sites/cakephp-2/app/webroot/index.php(92): Dispatcher->dispatch(Object(CakeRequest), Object(CakeResponse))
#5 {main}
2013-01-23 09:34:14 Error: [MissingViewException] View file "/Users/cecilesablayrolles/Sites/cakephp-2/app/View/Users/index.ctp" is missing.
#0 /Users/cecilesablayrolles/Sites/cakephp-2/lib/Cake/View/View.php(473): View->_getViewFileName(NULL)
#1 /Users/cecilesablayrolles/Sites/cakephp-2/lib/Cake/Controller/Controller.php(956): View->render(NULL, NULL)
#2 /Users/cecilesablayrolles/Sites/cakephp-2/lib/Cake/Routing/Dispatcher.php(193): Controller->render()
#3 /Users/cecilesablayrolles/Sites/cakephp-2/lib/Cake/Routing/Dispatcher.php(161): Dispatcher->_invoke(Object(UsersController), Object(CakeRequest), Object(CakeResponse))
#4 /Users/cecilesablayrolles/Sites/cakephp-2/app/webroot/index.php(92): Dispatcher->dispatch(Object(CakeRequest), Object(CakeResponse))
#5 {main}
2013-01-23 09:35:43 Error: [MissingViewException] View file "/Users/cecilesablayrolles/Sites/cakephp-2/app/View/Users/index.ctp" is missing.
#0 /Users/cecilesablayrolles/Sites/cakephp-2/lib/Cake/View/View.php(473): View->_getViewFileName(NULL)
#1 /Users/cecilesablayrolles/Sites/cakephp-2/lib/Cake/Controller/Controller.php(956): View->render(NULL, NULL)
#2 /Users/cecilesablayrolles/Sites/cakephp-2/lib/Cake/Routing/Dispatcher.php(193): Controller->render()
#3 /Users/cecilesablayrolles/Sites/cakephp-2/lib/Cake/Routing/Dispatcher.php(161): Dispatcher->_invoke(Object(UsersController), Object(CakeRequest), Object(CakeResponse))
#4 /Users/cecilesablayrolles/Sites/cakephp-2/app/webroot/index.php(92): Dispatcher->dispatch(Object(CakeRequest), Object(CakeResponse))
#5 {main}
2013-01-23 09:36:03 Error: [MissingViewException] View file "/Users/cecilesablayrolles/Sites/cakephp-2/app/View/Users/index.ctp" is missing.
#0 /Users/cecilesablayrolles/Sites/cakephp-2/lib/Cake/View/View.php(473): View->_getViewFileName(NULL)
#1 /Users/cecilesablayrolles/Sites/cakephp-2/lib/Cake/Controller/Controller.php(956): View->render(NULL, NULL)
#2 /Users/cecilesablayrolles/Sites/cakephp-2/lib/Cake/Routing/Dispatcher.php(193): Controller->render()
#3 /Users/cecilesablayrolles/Sites/cakephp-2/lib/Cake/Routing/Dispatcher.php(161): Dispatcher->_invoke(Object(UsersController), Object(CakeRequest), Object(CakeResponse))
#4 /Users/cecilesablayrolles/Sites/cakephp-2/app/webroot/index.php(92): Dispatcher->dispatch(Object(CakeRequest), Object(CakeResponse))
#5 {main}
2013-01-23 09:40:00 Error: [MissingViewException] View file "/Users/cecilesablayrolles/Sites/cakephp-2/app/View/Users/index.ctp" is missing.
#0 /Users/cecilesablayrolles/Sites/cakephp-2/lib/Cake/View/View.php(473): View->_getViewFileName(NULL)
#1 /Users/cecilesablayrolles/Sites/cakephp-2/lib/Cake/Controller/Controller.php(956): View->render(NULL, NULL)
#2 /Users/cecilesablayrolles/Sites/cakephp-2/lib/Cake/Routing/Dispatcher.php(193): Controller->render()
#3 /Users/cecilesablayrolles/Sites/cakephp-2/lib/Cake/Routing/Dispatcher.php(161): Dispatcher->_invoke(Object(UsersController), Object(CakeRequest), Object(CakeResponse))
#4 /Users/cecilesablayrolles/Sites/cakephp-2/app/webroot/index.php(92): Dispatcher->dispatch(Object(CakeRequest), Object(CakeResponse))
#5 {main}
2013-01-23 09:44:24 Error: [MissingViewException] View file "/Users/cecilesablayrolles/Sites/cakephp-2/app/View/Posts/index.ctp" is missing.
#0 /Users/cecilesablayrolles/Sites/cakephp-2/lib/Cake/View/View.php(473): View->_getViewFileName(NULL)
#1 /Users/cecilesablayrolles/Sites/cakephp-2/lib/Cake/Controller/Controller.php(956): View->render(NULL, NULL)
#2 /Users/cecilesablayrolles/Sites/cakephp-2/lib/Cake/Routing/Dispatcher.php(193): Controller->render()
#3 /Users/cecilesablayrolles/Sites/cakephp-2/lib/Cake/Routing/Dispatcher.php(161): Dispatcher->_invoke(Object(PostsController), Object(CakeRequest), Object(CakeResponse))
#4 /Users/cecilesablayrolles/Sites/cakephp-2/app/webroot/index.php(92): Dispatcher->dispatch(Object(CakeRequest), Object(CakeResponse))
#5 {main}
2013-01-23 09:45:16 Error: [MissingViewException] View file "/Users/cecilesablayrolles/Sites/cakephp-2/app/View/Users/index.ctp" is missing.
#0 /Users/cecilesablayrolles/Sites/cakephp-2/lib/Cake/View/View.php(473): View->_getViewFileName(NULL)
#1 /Users/cecilesablayrolles/Sites/cakephp-2/lib/Cake/Controller/Controller.php(956): View->render(NULL, NULL)
#2 /Users/cecilesablayrolles/Sites/cakephp-2/lib/Cake/Routing/Dispatcher.php(193): Controller->render()
#3 /Users/cecilesablayrolles/Sites/cakephp-2/lib/Cake/Routing/Dispatcher.php(161): Dispatcher->_invoke(Object(UsersController), Object(CakeRequest), Object(CakeResponse))
#4 /Users/cecilesablayrolles/Sites/cakephp-2/app/webroot/index.php(92): Dispatcher->dispatch(Object(CakeRequest), Object(CakeResponse))
#5 {main}
2013-01-23 09:59:37 Error: [MissingControllerException] Controller class PagesController could not be found.
#0 /Users/cecilesablayrolles/Sites/cakephp-2/app/webroot/index.php(92): Dispatcher->dispatch(Object(CakeRequest), Object(CakeResponse))
#1 {main}
2013-01-23 10:00:12 Error: [MissingActionException] Action PostsController::login() could not be found.
#0 /Users/cecilesablayrolles/Sites/cakephp-2/lib/Cake/Routing/Dispatcher.php(186): Controller->invokeAction(Object(CakeRequest))
#1 /Users/cecilesablayrolles/Sites/cakephp-2/lib/Cake/Routing/Dispatcher.php(161): Dispatcher->_invoke(Object(PostsController), Object(CakeRequest), Object(CakeResponse))
#2 /Users/cecilesablayrolles/Sites/cakephp-2/app/webroot/index.php(92): Dispatcher->dispatch(Object(CakeRequest), Object(CakeResponse))
#3 {main}
2013-01-23 11:04:01 Error: [PDOException] SQLSTATE[42000]: Syntax error or access violation: 1064 You have an error in your SQL syntax; check the manual that corresponds to your MySQL server version for the right syntax to use near 'isOwnedBy' at line 1
#0 /Users/cecilesablayrolles/Sites/cakephp-2/lib/Cake/Model/Datasource/DboSource.php(459): PDOStatement->execute(Array)
#1 /Users/cecilesablayrolles/Sites/cakephp-2/lib/Cake/Model/Datasource/DboSource.php(425): DboSource->_execute('isOwnedBy', Array)
#2 /Users/cecilesablayrolles/Sites/cakephp-2/lib/Cake/Model/Datasource/DboSource.php(669): DboSource->execute('isOwnedBy', Array, Array)
#3 /Users/cecilesablayrolles/Sites/cakephp-2/lib/Cake/Model/Datasource/DboSource.php(611): DboSource->fetchAll('isOwnedBy', Array, Array)
#4 /Users/cecilesablayrolles/Sites/cakephp-2/lib/Cake/Model/Model.php(788): DboSource->query('isOwnedBy', Array, Object(Post))
#5 [internal function]: Model->__call('isOwnedBy', Array)
#6 /Users/cecilesablayrolles/Sites/cakephp-2/app/Controller/PostsController.php(19): Post->isOwnedBy('1', '4')
#7 /Users/cecilesablayrolles/Sites/cakephp-2/lib/Cake/Controller/Component/Auth/ControllerAuthorize.php(64): PostsController->isAuthorized(Array)
#8 /Users/cecilesablayrolles/Sites/cakephp-2/lib/Cake/Controller/Component/AuthComponent.php(379): ControllerAuthorize->authorize(Array, Object(CakeRequest))
#9 /Users/cecilesablayrolles/Sites/cakephp-2/lib/Cake/Controller/Component/AuthComponent.php(326): AuthComponent->isAuthorized(Array)
#10 [internal function]: AuthComponent->startup(Object(PostsController))
#11 /Users/cecilesablayrolles/Sites/cakephp-2/lib/Cake/Utility/ObjectCollection.php(130): call_user_func_array(Array, Array)
#12 [internal function]: ObjectCollection->trigger(Object(CakeEvent))
#13 /Users/cecilesablayrolles/Sites/cakephp-2/lib/Cake/Event/CakeEventManager.php(246): call_user_func(Array, Object(CakeEvent))
#14 /Users/cecilesablayrolles/Sites/cakephp-2/lib/Cake/Controller/Controller.php(670): CakeEventManager->dispatch(Object(CakeEvent))
#15 /Users/cecilesablayrolles/Sites/cakephp-2/lib/Cake/Routing/Dispatcher.php(183): Controller->startupProcess()
#16 /Users/cecilesablayrolles/Sites/cakephp-2/lib/Cake/Routing/Dispatcher.php(161): Dispatcher->_invoke(Object(PostsController), Object(CakeRequest), Object(CakeResponse))
#17 /Users/cecilesablayrolles/Sites/cakephp-2/app/webroot/index.php(92): Dispatcher->dispatch(Object(CakeRequest), Object(CakeResponse))
#18 {main}
2013-01-23 12:04:26 Error: [MissingControllerException] Controller class PagesController could not be found.
#0 /Users/cecilesablayrolles/Sites/cakephp-2/app/webroot/index.php(92): Dispatcher->dispatch(Object(CakeRequest), Object(CakeResponse))
#1 {main}
2013-01-23 12:08:18 Error: [MissingControllerException] Controller class PagesController could not be found.
#0 /Users/cecilesablayrolles/Sites/cakephp-2/app/webroot/index.php(92): Dispatcher->dispatch(Object(CakeRequest), Object(CakeResponse))
#1 {main}
2013-01-23 12:08:25 Error: [MissingControllerException] Controller class PagesController could not be found.
#0 /Users/cecilesablayrolles/Sites/cakephp-2/app/webroot/index.php(92): Dispatcher->dispatch(Object(CakeRequest), Object(CakeResponse))
#1 {main}
2013-01-23 12:08:58 Error: [MissingControllerException] Controller class PagesController could not be found.
#0 /Users/cecilesablayrolles/Sites/cakephp-2/app/webroot/index.php(92): Dispatcher->dispatch(Object(CakeRequest), Object(CakeResponse))
#1 {main}
2013-01-23 12:10:08 Error: [MissingControllerException] Controller class PagesController could not be found.
#0 /Users/cecilesablayrolles/Sites/cakephp-2/app/webroot/index.php(92): Dispatcher->dispatch(Object(CakeRequest), Object(CakeResponse))
#1 {main}
2013-01-23 12:10:22 Error: [MissingControllerException] Controller class PagesController could not be found.
#0 /Users/cecilesablayrolles/Sites/cakephp-2/app/webroot/index.php(92): Dispatcher->dispatch(Object(CakeRequest), Object(CakeResponse))
#1 {main}
2013-01-23 12:10:25 Error: [MissingControllerException] Controller class PagesController could not be found.
#0 /Users/cecilesablayrolles/Sites/cakephp-2/app/webroot/index.php(92): Dispatcher->dispatch(Object(CakeRequest), Object(CakeResponse))
#1 {main}
2013-01-23 12:10:25 Error: [MissingControllerException] Controller class PagesController could not be found.
#0 /Users/cecilesablayrolles/Sites/cakephp-2/app/webroot/index.php(92): Dispatcher->dispatch(Object(CakeRequest), Object(CakeResponse))
#1 {main}
2013-01-23 12:10:30 Error: [MissingControllerException] Controller class PagesController could not be found.
#0 /Users/cecilesablayrolles/Sites/cakephp-2/app/webroot/index.php(92): Dispatcher->dispatch(Object(CakeRequest), Object(CakeResponse))
#1 {main}
2013-01-23 12:10:31 Error: [MissingControllerException] Controller class PagesController could not be found.
#0 /Users/cecilesablayrolles/Sites/cakephp-2/app/webroot/index.php(92): Dispatcher->dispatch(Object(CakeRequest), Object(CakeResponse))
#1 {main}
2013-01-23 12:11:48 Error: [MissingControllerException] Controller class PagesController could not be found.
#0 /Users/cecilesablayrolles/Sites/cakephp-2/app/webroot/index.php(92): Dispatcher->dispatch(Object(CakeRequest), Object(CakeResponse))
#1 {main}
2013-01-23 12:11:49 Error: [MissingControllerException] Controller class PagesController could not be found.
#0 /Users/cecilesablayrolles/Sites/cakephp-2/app/webroot/index.php(92): Dispatcher->dispatch(Object(CakeRequest), Object(CakeResponse))
#1 {main}
2013-01-23 12:12:34 Error: [MissingControllerException] Controller class PagesController could not be found.
#0 /Users/cecilesablayrolles/Sites/cakephp-2/app/webroot/index.php(92): Dispatcher->dispatch(Object(CakeRequest), Object(CakeResponse))
#1 {main}
2013-01-25 19:02:54 Error: [MissingControllerException] Controller class PagesController could not be found.
#0 /Users/cecilesablayrolles/Sites/cakephp-trek/app/webroot/index.php(92): Dispatcher->dispatch(Object(CakeRequest), Object(CakeResponse))
#1 {main}
2013-01-25 19:03:56 Error: [MissingControllerException] Controller class UsersController could not be found.
#0 /Users/cecilesablayrolles/Sites/cakephp-trek/app/webroot/index.php(92): Dispatcher->dispatch(Object(CakeRequest), Object(CakeResponse))
#1 {main}
2013-01-25 19:03:59 Error: [MissingControllerException] Controller class UsersController could not be found.
#0 /Users/cecilesablayrolles/Sites/cakephp-trek/app/webroot/index.php(92): Dispatcher->dispatch(Object(CakeRequest), Object(CakeResponse))
#1 {main}
2013-01-25 19:18:13 Error: [MissingControllerException] Controller class UsersController could not be found.
#0 /Users/cecilesablayrolles/Sites/cakephp-trek/app/webroot/index.php(92): Dispatcher->dispatch(Object(CakeRequest), Object(CakeResponse))
#1 {main}
2013-01-25 19:18:14 Error: [MissingControllerException] Controller class UsersController could not be found.
#0 /Users/cecilesablayrolles/Sites/cakephp-trek/app/webroot/index.php(92): Dispatcher->dispatch(Object(CakeRequest), Object(CakeResponse))
#1 {main}
2013-01-25 19:18:16 Error: [MissingControllerException] Controller class PagesController could not be found.
#0 /Users/cecilesablayrolles/Sites/cakephp-trek/app/webroot/index.php(92): Dispatcher->dispatch(Object(CakeRequest), Object(CakeResponse))
#1 {main}
2013-01-25 19:18:18 Error: [MissingControllerException] Controller class JourneysController could not be found.
#0 /Users/cecilesablayrolles/Sites/cakephp-trek/app/webroot/index.php(92): Dispatcher->dispatch(Object(CakeRequest), Object(CakeResponse))
#1 {main}
2013-01-25 19:18:22 Error: [MissingControllerException] Controller class UsersController could not be found.
#0 /Users/cecilesablayrolles/Sites/cakephp-trek/app/webroot/index.php(92): Dispatcher->dispatch(Object(CakeRequest), Object(CakeResponse))
#1 {main}
2013-01-25 19:18:41 Error: [MissingViewException] View file "/Users/cecilesablayrolles/Sites/cakephp-trek/app/View/Users/index.ctp" is missing.
#0 /Users/cecilesablayrolles/Sites/cakephp-trek/lib/Cake/View/View.php(473): View->_getViewFileName(NULL)
#1 /Users/cecilesablayrolles/Sites/cakephp-trek/lib/Cake/Controller/Controller.php(956): View->render(NULL, NULL)
#2 /Users/cecilesablayrolles/Sites/cakephp-trek/lib/Cake/Routing/Dispatcher.php(193): Controller->render()
#3 /Users/cecilesablayrolles/Sites/cakephp-trek/lib/Cake/Routing/Dispatcher.php(161): Dispatcher->_invoke(Object(UsersController), Object(CakeRequest), Object(CakeResponse))
#4 /Users/cecilesablayrolles/Sites/cakephp-trek/app/webroot/index.php(92): Dispatcher->dispatch(Object(CakeRequest), Object(CakeResponse))
#5 {main}
2013-01-25 19:18:58 Error: [MissingActionException] Action UsersController::login() could not be found.
#0 /Users/cecilesablayrolles/Sites/cakephp-trek/lib/Cake/Routing/Dispatcher.php(186): Controller->invokeAction(Object(CakeRequest))
#1 /Users/cecilesablayrolles/Sites/cakephp-trek/lib/Cake/Routing/Dispatcher.php(161): Dispatcher->_invoke(Object(UsersController), Object(CakeRequest), Object(CakeResponse))
#2 /Users/cecilesablayrolles/Sites/cakephp-trek/app/webroot/index.php(92): Dispatcher->dispatch(Object(CakeRequest), Object(CakeResponse))
#3 {main}
2013-01-25 19:19:05 Error: [MissingControllerException] Controller class GuidesController could not be found.
#0 /Users/cecilesablayrolles/Sites/cakephp-trek/app/webroot/index.php(92): Dispatcher->dispatch(Object(CakeRequest), Object(CakeResponse))
#1 {main}
2013-01-25 19:20:00 Error: [MissingActionException] Action UsersController::login() could not be found.
#0 /Users/cecilesablayrolles/Sites/cakephp-trek/lib/Cake/Routing/Dispatcher.php(186): Controller->invokeAction(Object(CakeRequest))
#1 /Users/cecilesablayrolles/Sites/cakephp-trek/lib/Cake/Routing/Dispatcher.php(161): Dispatcher->_invoke(Object(UsersController), Object(CakeRequest), Object(CakeResponse))
#2 /Users/cecilesablayrolles/Sites/cakephp-trek/app/webroot/index.php(92): Dispatcher->dispatch(Object(CakeRequest), Object(CakeResponse))
#3 {main}
2013-01-25 19:20:08 Error: [MissingControllerException] Controller class GuideSubmissionsController could not be found.
#0 /Users/cecilesablayrolles/Sites/cakephp-trek/app/webroot/index.php(92): Dispatcher->dispatch(Object(CakeRequest), Object(CakeResponse))
#1 {main}
2013-01-25 19:20:10 Error: [MissingViewException] View file "/Users/cecilesablayrolles/Sites/cakephp-trek/app/View/Guides/index.ctp" is missing.
#0 /Users/cecilesablayrolles/Sites/cakephp-trek/lib/Cake/View/View.php(473): View->_getViewFileName(NULL)
#1 /Users/cecilesablayrolles/Sites/cakephp-trek/lib/Cake/Controller/Controller.php(956): View->render(NULL, NULL)
#2 /Users/cecilesablayrolles/Sites/cakephp-trek/lib/Cake/Routing/Dispatcher.php(193): Controller->render()
#3 /Users/cecilesablayrolles/Sites/cakephp-trek/lib/Cake/Routing/Dispatcher.php(161): Dispatcher->_invoke(Object(GuidesController), Object(CakeRequest), Object(CakeResponse))
#4 /Users/cecilesablayrolles/Sites/cakephp-trek/app/webroot/index.php(92): Dispatcher->dispatch(Object(CakeRequest), Object(CakeResponse))
#5 {main}
2013-01-25 19:20:27 Error: [MissingActionException] Action UsersController::login() could not be found.
#0 /Users/cecilesablayrolles/Sites/cakephp-trek/lib/Cake/Routing/Dispatcher.php(186): Controller->invokeAction(Object(CakeRequest))
#1 /Users/cecilesablayrolles/Sites/cakephp-trek/lib/Cake/Routing/Dispatcher.php(161): Dispatcher->_invoke(Object(UsersController), Object(CakeRequest), Object(CakeResponse))
#2 /Users/cecilesablayrolles/Sites/cakephp-trek/app/webroot/index.php(92): Dispatcher->dispatch(Object(CakeRequest), Object(CakeResponse))
#3 {main}
